Info: Start Nativelink Simulation process
executing command line: ip-make-simscript --nativelink-mode --output-directory=gesture_recognization_iputf_input --spd=G:/quartus_project/gesture_recgonization/clk_wiz_0.spd --spd=G:/quartus_project/gesture_recgonization/clk_ip.spd 

========= EDA Simulation Settings =====================

Sim Mode              :  RTL
Family                :  cyclonev
Quartus root          :  h:/quartus18.1/quartus/quartus/bin64/
Quartus sim root      :  h:/quartus18.1/quartus/quartus/eda/sim_lib
Simulation Tool       :  modelsim-altera
Simulation Language   :  verilog
Simulation Mode       :  GUI
Sim Output File       :  
Sim SDF file          :  
Sim dir               :  simulation\modelsim

=======================================================

Info: Starting NativeLink simulation with ModelSim-Altera software
Sourced NativeLink script h:/quartus18.1/quartus/quartus/common/tcl/internal/nativelink/modelsim.tcl
Error: You selected ModelSim-Altera as Simulation Software in EDA Tool Settings, however NativeLink found ModelSim in the path -- correct path or change EDA Tool Settings and try again
Error: NativeLink simulation flow was NOT successful



================The following additional information is provided to help identify the cause of error while running nativelink scripts=================
Nativelink TCL script failed with errorCode:  issued_nl_message
Nativelink TCL script failed with errorInfo:  You selected ModelSim-Altera as Simulation Software in EDA Tool Settings, however NativeLink found ModelSim in the path -- correct path or change EDA Tool Settings and try again
    while executing
"error "$emsg" "" "issued_nl_message""
    invoked from within
"if [ catch {exec $vsim_cmd -version} version_str] {
		set emsg "Can't launch $tool Simulation software -- make sure the software is properly installed..."
    (procedure "launch_sim" line 88)
    invoked from within
"launch_sim launch_args_hash"
    ("eval" body line 1)
    invoked from within
"eval launch_sim launch_args_hash"
    invoked from within
"if [ info exists ::errorCode ] {
                set savedCode $::errorCode
                set savedInfo $::errorInfo
                error $result $..."
    invoked from within
"if [catch {eval launch_sim launch_args_hash} result ] {
            set status 1
            if [ info exists ::errorCode ] {
                set save..."
    (procedure "run_sim" line 74)
    invoked from within
"run_sim run_sim_args_hash"
    invoked from within
"if [ info exists ::errorCode ] {
            set savedCode $::errorCode
            set savedInfo $::errorInfo
            error "$result" $savedInfo ..."
    (procedure "run_eda_simulation_tool" line 334)
    invoked from within
"run_eda_simulation_tool eda_opts_hash"
